<?xml version="1.0" ?>
<!DOCTYPE PubmedArticleSet PUBLIC "-//NLM//DTD PubMedArticle, 1st January 2024//EN" "https://dtd.nlm.nih.gov/ncbi/pubmed/out/pubmed_240101.dtd">
<PubmedArticleSet>
<PubmedArticle><MedlineCitation Status="MEDLINE" Owner="NLM"><PMID Version="1">16885404</PMID><DateCompleted><Year>2006</Year><Month>12</Month><Day>22</Day></DateCompleted><DateRevised><Year>2022</Year><Month>04</Month><Day>08</Day></DateRevised><Article PubModel="Print-Electronic"><Journal><ISSN IssnType="Print">1046-6673</ISSN><JournalIssue CitedMedium="Print"><Volume>17</Volume><Issue>9</Issue><PubDate><Year>2006</Year><Month>Sep</Month></PubDate></JournalIssue><Title>Journal of the American Society of Nephrology : JASN</Title><ISOAbbreviation>J Am Soc Nephrol</ISOAbbreviation></Journal><ArticleTitle>Cardiovascular disease in early stages of chronic kidney disease in a Chinese population.</ArticleTitle><Pagination><StartPage>2617</StartPage><EndPage>2621</EndPage><MedlinePgn>2617-21</MedlinePgn></Pagination><Abstract><AbstractText>Cardiovascular disease (CVD) is one of the most serious complications of kidney disease, yet studies of CVD in early stage of chronic kidney disease (CKD) in Asian patients are very limited. Therefore, this study determined the prevalence and the spectrum of CVD in individuals with early-stage CKD and compared them with data of individuals without CKD. Compared with individuals with estimated GFR (eGFR) &gt;90 ml/min per 1.73 m2, the prevalence of myocardial infarction, stroke, and total CVD of individuals with eGFR 60 to 89 ml/min per 1.73 m2 was increased by 91.4, 71.7, and 67.6%, respectively. For individuals with eGFR 30 to 59 ml/min per 1.73 m2, the percentage was 105.2, 289.1, and 200.7%, respectively. For each eGFR category, stroke was more prevalent than myocardial infarction. Compared with individuals with eGFR &gt;90 ml/min per 1.73 m2, participants with eGFR 60 to 89 and 30 to 59 ml/min per 1.73 m2 tended to have more cardiovascular risk factors, and there were strong unadjusted and adjusted associations between CVD with different stages of eGFR (eGFR &gt;90 ml/min per 1.73 m2 as reference). This is the first report on the prevalence and the spectrum of CVD in early stages of CKD in a community-based Chinese population. The spectrum of CVD in this Chinese population is different from reports of Western countries. Individuals with subtle decreased renal function seem much more likely to have multiple cardiovascular risk factors and have higher prevalence of CVD than those without CKD.</AbstractText></Abstract><AuthorList CompleteYN="Y"><Author ValidYN="Y"><LastName>Zhang</LastName><ForeName>Luxia</ForeName><Initials>L</Initials><AffiliationInfo><Affiliation>Institute of Nephrology and Division of Nephrology, Peking University First Hospital, No 8. Xishiku Street, Beijing, China 100034.</Affiliation></AffiliationInfo></Author><Author ValidYN="Y"><LastName>Zuo</LastName><ForeName>Li</ForeName><Initials>L</Initials></Author><Author ValidYN="Y"><LastName>Wang</LastName><ForeName>Fang</ForeName><Initials>F</Initials></Author><Author ValidYN="Y"><LastName>Wang</LastName><ForeName>Mei</ForeName><Initials>M</Initials></Author><Author ValidYN="Y"><LastName>Wang</LastName><ForeName>Shuyu</ForeName><Initials>S</Initials></Author><Author ValidYN="Y"><LastName>Lv</LastName><ForeName>Jicheng</ForeName><Initials>J</Initials></Author><Author ValidYN="Y"><LastName>Liu</LastName><ForeName>Lisheng</ForeName><Initials>L</Initials></Author><Author ValidYN="Y"><LastName>Wang</LastName><ForeName>Haiyan</ForeName><Initials>H</Initials></Author></AuthorList><Language>eng</Language><PublicationTypeList><PublicationType UI="D016428">Journal Article</PublicationType></PublicationTypeList><ArticleDate DateType="Electronic"><Year>2006</Year><Month>08</Month><Day>02</Day></ArticleDate></Article><MedlineJournalInfo><Country>United States</Country><MedlineTA>J Am Soc Nephrol</MedlineTA><NlmUniqueID>9013836</NlmUniqueID><ISSNLinking>1046-6673</ISSNLinking></MedlineJournalInfo><CitationSubset>IM</CitationSubset><MeshHeadingList><MeshHeading><DescriptorName UI="D000328" MajorTopicYN="N">Adult</DescriptorName></MeshHeading><MeshHeading><DescriptorName UI="D000368" MajorTopicYN="N">Aged</DescriptorName></MeshHeading><MeshHeading><DescriptorName UI="D000419" MajorTopicYN="N">Albuminuria</DescriptorName><QualifierName UI="Q000150" MajorTopicYN="N">complications</QualifierName><QualifierName UI="Q000453" MajorTopicYN="N">epidemiology</QualifierName></MeshHeading><MeshHeading><DescriptorName UI="D002318" MajorTopicYN="N">Cardiovascular Diseases</DescriptorName><QualifierName UI="Q000453" MajorTopicYN="Y">epidemiology</QualifierName><QualifierName UI="Q000209" MajorTopicYN="Y">etiology</QualifierName></MeshHeading><MeshHeading><DescriptorName UI="D002681" MajorTopicYN="N" Type="Geographic">China</DescriptorName><QualifierName UI="Q000453" MajorTopicYN="N">epidemiology</QualifierName></MeshHeading><MeshHeading><DescriptorName UI="D005260" MajorTopicYN="N">Female</DescriptorName></MeshHeading><MeshHeading><DescriptorName UI="D005919" MajorTopicYN="N">Glomerular Filtration Rate</DescriptorName></MeshHeading><MeshHeading><DescriptorName UI="D006801" MajorTopicYN="N">Humans</DescriptorName></MeshHeading><MeshHeading><DescriptorName UI="D007676" MajorTopicYN="N">Kidney Failure, Chronic</DescriptorName><QualifierName UI="Q000150" MajorTopicYN="Y">complications</QualifierName></MeshHeading><MeshHeading><DescriptorName UI="D008297" MajorTopicYN="N">Male</DescriptorName></MeshHeading><MeshHeading><DescriptorName UI="D008875" MajorTopicYN="N">Middle Aged</DescriptorName></MeshHeading><MeshHeading><DescriptorName UI="D009203" MajorTopicYN="N">Myocardial Infarction</DescriptorName><QualifierName UI="Q000453" MajorTopicYN="N">epidemiology</QualifierName></MeshHeading><MeshHeading><DescriptorName UI="D016017" MajorTopicYN="N">Odds Ratio</DescriptorName></MeshHeading><MeshHeading><DescriptorName UI="D015995" MajorTopicYN="N">Prevalence</DescriptorName></MeshHeading><MeshHeading><DescriptorName UI="D012307" MajorTopicYN="N">Risk Factors</DescriptorName></MeshHeading><MeshHeading><DescriptorName UI="D020521" MajorTopicYN="N">Stroke</DescriptorName><QualifierName UI="Q000453" MajorTopicYN="N">epidemiology</QualifierName></MeshHeading></MeshHeadingList></MedlineCitation><PubmedData><History><PubMedPubDate PubStatus="pubmed"><Year>2006</Year><Month>8</Month><Day>4</Day><Hour>9</Hour><Minute>0</Minute></PubMedPubDate><PubMedPubDate PubStatus="medline"><Year>2006</Year><Month>12</Month><Day>23</Day><Hour>9</Hour><Minute>0</Minute></PubMedPubDate><PubMedPubDate PubStatus="entrez"><Year>2006</Year><Month>8</Month><Day>4</Day><Hour>9</Hour><Minute>0</Minute></PubMedPubDate></History><PublicationStatus>ppublish</PublicationStatus><ArticleIdList><ArticleId IdType="pubmed">16885404</ArticleId><ArticleId IdType="doi">10.1681/ASN.2006040402</ArticleId><ArticleId IdType="pii">ASN.2006040402</ArticleId></ArticleIdList></PubmedData></PubmedArticle></PubmedArticleSet>